java.lang.RuntimeException: generate oucur error,templateFile is:copyright_js.include.bak => copyright_js.include.bak cause:freemarker.core.InvalidReferenceException: Expression classNameLowerCase is undefined on line 2, column 6 in copyright_js.include.bak.
	at cn.org.rapid_framework.generator.Generator$TemplateProcessor.executeGenerate(Generator.java:225)
	at cn.org.rapid_framework.generator.Generator$TemplateProcessor.access$2(Generator.java:196)
	at cn.org.rapid_framework.generator.Generator.scanTemplatesAndProcess(Generator.java:180)
	at cn.org.rapid_framework.generator.Generator.processTemplateRootDirs(Generator.java:161)
	at cn.org.rapid_framework.generator.Generator.generateBy(Generator.java:139)
	at cn.org.rapid_framework.generator.GeneratorFacade$ProcessUtils.processByTable(GeneratorFacade.java:186)
	at cn.org.rapid_framework.generator.GeneratorFacade$ProcessUtils.processByTable(GeneratorFacade.java:161)
	at cn.org.rapid_framework.generator.GeneratorFacade.generateByTable(GeneratorFacade.java:60)
	at cn.org.rapid_framework.generator.ext.CommandLine.processLine(CommandLine.java:48)
	at cn.org.rapid_framework.generator.ext.CommandLine.startProcess(CommandLine.java:31)
	at cn.org.rapid_framework.generator.ext.CommandLine.main(CommandLine.java:22)
Caused by: freemarker.core.InvalidReferenceException: Expression classNameLowerCase is undefined on line 2, column 6 in copyright_js.include.bak.
	at freemarker.core.TemplateObject.assertNonNull(TemplateObject.java:124)
	at freemarker.core.Expression.getStringValue(Expression.java:118)
	at freemarker.core.Expression.getStringValue(Expression.java:93)
	at freemarker.core.DollarVariable.accept(DollarVariable.java:76)
	at freemarker.core.Environment.visit(Environment.java:210)
	at freemarker.core.MixedContent.accept(MixedContent.java:92)
	at freemarker.core.Environment.visit(Environment.java:210)
	at freemarker.core.Environment.process(Environment.java:190)
	at freemarker.template.Template.process(Template.java:237)
	at cn.org.rapid_framework.generator.Generator$TemplateProcessor.processTemplateForGeneratorControl(Generator.java:256)
	at cn.org.rapid_framework.generator.Generator$TemplateProcessor.executeGenerate(Generator.java:214)
	... 10 more
